# JRE version: Java(TM) SE Runtime Environment (18.0.2+9) (build 18.0.2+9-61)
# Java VM: Java HotSpot(TM) 64-Bit Server VM (18.0.2+9-61, mixed mode, sharing, tiered, compressed oops, compressed class ptrs, g1 gc, windows-amd64)
GC Precious Log:
 CardTable entry size: 512
 Card Set container configuration: InlinePtr #cards 4 size 8 Array Of Cards #cards 16 size 48 Howl #buckets 8 coarsen threshold 3686 Howl Bitmap #cards 512 size 80 coarsen threshold 460 Card regions per heap region 1 cards per card region 4096
 CPUs: 4 total, 4 available
 Memory: 3470M
 Large Page Support: Disabled
 NUMA Support: Disabled
 Compressed Oops: Enabled (Zero based)
 Heap Region Size: 2M
 Heap Min Capacity: 8M
 Heap Initial Capacity: 56M
 Heap Max Capacity: 4G
 Pre-touch: Disabled
 Parallel Workers: 4
 Concurrent Workers: 1
 Concurrent Refinement Workers: 4
 Periodic GC: Disabled
Heap:
 garbage-first heap   total 69632K, used 45972K [0x0000000700000000, 0x0000000800000000)
  region size 2048K, 8 young (16384K), 2 survivors (4096K)
 Metaspace       used 43492K, committed 44992K, reserved 1114112K
  class space    used 6188K, committed 6976K, reserved 1048576K
GC Heap History (20 events):
Event: 14.304 GC heap before
{Heap before GC invocations=11 (full 0):
 garbage-first heap   total 57344K, used 25378K [0x0000000700000000, 0x0000000800000000)
  region size 2048K, 3 young (6144K), 2 survivors (4096K)
 Metaspace       used 23680K, committed 24640K, reserved 1114112K
  class space    used 3579K, committed 4096K, reserved 1048576K
}
Event: 14.312 GC heap after
{Heap after GC invocations=12 (full 0):
 garbage-first heap   total 57344K, used 23353K [0x0000000700000000, 0x0000000800000000)
  region size 2048K, 1 young (2048K), 1 survivors (2048K)
 Metaspace       used 23680K, committed 24640K, reserved 1114112K
  class space    used 3579K, committed 4096K, reserved 1048576K
}
Event: 16.022 GC heap before
{Heap before GC invocations=12 (full 0):
 garbage-first heap   total 57344K, used 39737K [0x0000000700000000, 0x0000000800000000)
  region size 2048K, 10 young (20480K), 1 survivors (2048K)
 Metaspace       used 28658K, committed 29632K, reserved 1114112K
  class space    used 4124K, committed 4608K, reserved 1048576K
}
Event: 16.027 GC heap after
{Heap after GC invocations=13 (full 0):
 garbage-first heap   total 57344K, used 25843K [0x0000000700000000, 0x0000000800000000)
  region size 2048K, 2 young (4096K), 2 survivors (4096K)
 Metaspace       used 28658K, committed 29632K, reserved 1114112K
  class space    used 4124K, committed 4608K, reserved 1048576K
}
Event: 16.402 GC heap before
{Heap before GC invocations=13 (full 0):
 garbage-first heap   total 57344K, used 42227K [0x0000000700000000, 0x0000000800000000)
  region size 2048K, 10 young (20480K), 2 survivors (4096K)
 Metaspace       used 29630K, committed 30720K, reserved 1114112K
  class space    used 4195K, committed 4736K, reserved 1048576K
}
Event: 16.408 GC heap after
{Heap after GC invocations=14 (full 0):
 garbage-first heap   total 57344K, used 28045K [0x0000000700000000, 0x0000000800000000)
  region size 2048K, 2 young (4096K), 2 survivors (4096K)
 Metaspace       used 29630K, committed 30720K, reserved 1114112K
  class space    used 4195K, committed 4736K, reserved 1048576K
}
Event: 17.054 GC heap before
{Heap before GC invocations=14 (full 0):
 garbage-first heap   total 57344K, used 38285K [0x0000000700000000, 0x0000000800000000)
  region size 2048K, 9 young (18432K), 2 survivors (4096K)
 Metaspace       used 30933K, committed 32064K, reserved 1114112K
  class space    used 4369K, committed 4928K, reserved 1048576K
}
Event: 17.058 GC heap after
{Heap after GC invocations=15 (full 0):
 garbage-first heap   total 57344K, used 29462K [0x0000000700000000, 0x0000000800000000)
  region size 2048K, 2 young (4096K), 2 survivors (4096K)
 Metaspace       used 30933K, committed 32064K, reserved 1114112K
  class space    used 4369K, committed 4928K, reserved 1048576K
}
Event: 18.049 GC heap before
{Heap before GC invocations=16 (full 0):
 garbage-first heap   total 61440K, used 43798K [0x0000000700000000, 0x0000000800000000)
  region size 2048K, 8 young (16384K), 2 survivors (4096K)
 Metaspace       used 32409K, committed 33536K, reserved 1114112K
  class space    used 4493K, committed 5056K, reserved 1048576K
}
Event: 18.053 GC heap after
{Heap after GC invocations=17 (full 0):
 garbage-first heap   total 61440K, used 29907K [0x0000000700000000, 0x0000000800000000)
  region size 2048K, 1 young (2048K), 1 survivors (2048K)
 Metaspace       used 32409K, committed 33536K, reserved 1114112K
  class space    used 4493K, committed 5056K, reserved 1048576K
}
Event: 18.905 GC heap before
{Heap before GC invocations=17 (full 0):
 garbage-first heap   total 61440K, used 46291K [0x0000000700000000, 0x0000000800000000)
  region size 2048K, 9 young (18432K), 1 survivors (2048K)
 Metaspace       used 33707K, committed 34880K, reserved 1114112K
  class space    used 4718K, committed 5312K, reserved 1048576K
}
Event: 18.909 GC heap after
{Heap after GC invocations=18 (full 0):
 garbage-first heap   total 61440K, used 30858K [0x0000000700000000, 0x0000000800000000)
  region size 2048K, 2 young (4096K), 2 survivors (4096K)
 Metaspace       used 33707K, committed 34880K, reserved 1114112K
  class space    used 4718K, committed 5312K, reserved 1048576K
}
Event: 19.431 GC heap before
{Heap before GC invocations=19 (full 0):
 garbage-first heap   total 69632K, used 43146K [0x0000000700000000, 0x0000000800000000)
  region size 2048K, 9 young (18432K), 2 survivors (4096K)
 Metaspace       used 34909K, committed 36096K, reserved 1114112K
  class space    used 4798K, committed 5376K, reserved 1048576K
}
Event: 19.440 GC heap after
{Heap after GC invocations=20 (full 0):
 garbage-first heap   total 69632K, used 32113K [0x0000000700000000, 0x0000000800000000)
  region size 2048K, 2 young (4096K), 2 survivors (4096K)
 Metaspace       used 34909K, committed 36096K, reserved 1114112K
  class space    used 4798K, committed 5376K, reserved 1048576K
}
Event: 21.086 GC heap before
{Heap before GC invocations=20 (full 0):
 garbage-first heap   total 69632K, used 50545K [0x0000000700000000, 0x0000000800000000)
  region size 2048K, 11 young (22528K), 2 survivors (4096K)
 Metaspace       used 37124K, committed 38464K, reserved 1114112K
  class space    used 5195K, committed 5888K, reserved 1048576K
}
Event: 21.091 GC heap after
{Heap after GC invocations=21 (full 0):
 garbage-first heap   total 69632K, used 33312K [0x0000000700000000, 0x0000000800000000)
  region size 2048K, 2 young (4096K), 2 survivors (4096K)
 Metaspace       used 37124K, committed 38464K, reserved 1114112K
  class space    used 5195K, committed 5888K, reserved 1048576K
}
Event: 22.217 GC heap before
{Heap before GC invocations=21 (full 0):
 garbage-first heap   total 69632K, used 53792K [0x0000000700000000, 0x0000000800000000)
  region size 2048K, 12 young (24576K), 2 survivors (4096K)
 Metaspace       used 39493K, committed 40896K, reserved 1114112K
  class space    used 5567K, committed 6336K, reserved 1048576K
}
Event: 22.223 GC heap after
{Heap after GC invocations=22 (full 0):
 garbage-first heap   total 69632K, used 34465K [0x0000000700000000, 0x0000000800000000)
  region size 2048K, 2 young (4096K), 2 survivors (4096K)
 Metaspace       used 39493K, committed 40896K, reserved 1114112K
  class space    used 5567K, committed 6336K, reserved 1048576K
}
Event: 23.754 GC heap before
{Heap before GC invocations=22 (full 0):
 garbage-first heap   total 69632K, used 52897K [0x0000000700000000, 0x0000000800000000)
  region size 2048K, 11 young (22528K), 2 survivors (4096K)
 Metaspace       used 42596K, committed 44096K, reserved 1114112K
  class space    used 6042K, committed 6848K, reserved 1048576K
}
Event: 23.761 GC heap after
{Heap after GC invocations=23 (full 0):
 garbage-first heap   total 69632K, used 35732K [0x0000000700000000, 0x0000000800000000)
  region size 2048K, 2 young (4096K), 2 survivors (4096K)
 Metaspace       used 42596K, committed 44096K, reserved 1114112K
  class space    used 6042K, committed 6848K, reserved 1048576K
}

